[12:52:45.166] [INFO] storybook v10.2.11
[12:52:45.604] [DEBUG] Getting package.json info for C:/Users/user/Documents/digital_storyBook/ui-library/package.json...
[12:52:45.617] [ERROR] [38;2;241;97;97mSB_CORE-SERVER_0002 (CriticalPresetLoadError): Storybook failed to load the following preset: @storybook/react-webpack5/preset.

Please check whether your setup is correct, the Storybook dependencies (and their peer dependencies) are installed correctly and there are no package version clashes.

If you believe this is a bug, please open an issue on Github.

Error [ERR_MODULE_NOT_FOUND]: Cannot find package '@storybook/react-webpack5' imported from .\node_modules\storybook\dist\_node-chunks\chunk-DR3WZNEO.js
    at Object.getPackageJSONURL (node:internal/modules/package_json_reader:255:9)
    at packageResolve (node:internal/modules/esm/resolve:767:81)
    at moduleResolve (node:internal/modules/esm/resolve:853:18)
    at defaultResolve (node:internal/modules/esm/resolve:983:11)
    at nextResolve (node:internal/modules/esm/hooks:748:28)
    at Hooks.resolve (node:internal/modules/esm/hooks:240:30)
    at MessagePort.handleMessage (node:internal/modules/esm/worker:199:24)
    at [nodejs.internal.kHybridDispatch] (node:internal/event_target:827:20)
    at MessagePort.<anonymous> (node:internal/per_context/messageport:23:28)

More info: 
[39m
    at loadPreset (file:///C:/Users/user/Documents/digital_storyBook/ui-library/node_modules/storybook/dist/_node-chunks/chunk-XG3C34PW.js:10081:13)
    at async Promise.all (index 0)
    at async loadPresets (file:///C:/Users/user/Documents/digital_storyBook/ui-library/node_modules/storybook/dist/_node-chunks/chunk-XG3C34PW.js:10090:73)
    at async getPresets (file:///C:/Users/user/Documents/digital_storyBook/ui-library/node_modules/storybook/dist/_node-chunks/chunk-XG3C34PW.js:10121:23)
    at async buildDevStandalone (file:///C:/Users/user/Documents/digital_storyBook/ui-library/node_modules/storybook/dist/core-server/index.js:7566:17)
    at async withTelemetry (file:///C:/Users/user/Documents/digital_storyBook/ui-library/node_modules/storybook/dist/_node-chunks/chunk-GEQXL5UM.js:218:12)
    at async dev (file:///C:/Users/user/Documents/digital_storyBook/ui-library/node_modules/storybook/dist/bin/core.js:2734:3)
    at async _Command.<anonymous> (file:///C:/Users/user/Documents/digital_storyBook/ui-library/node_modules/storybook/dist/bin/core.js:2803:92)
[12:52:45.626] [WARN] Broken build, fix the error above.
You may need to refresh the browser.